<<<<<<< HEAD
This is pdfTeX, Version 3.14159265-2.6-1.40.17 (TeX Live 2016) (preloaded format=pdflatex 2017.4.5)  12 APR 2017 17:42
=======
This is pdfTeX, Version 3.14159265-2.6-1.40.16 (TeX Live 2015/Debian) (preloaded format=pdflatex 2016.12.4)  11 APR 2017 16:15
>>>>>>> 0425af7cc6fd258f06d5645dbe3f909353a4c216
entering extended mode
 restricted \write18 enabled.
 file:line:error style messages enabled.
 %&-line parsing enabled.
**Group_09_report.tex
(./Group_09_report.tex
LaTeX2e <2016/02/01>
Babel <3.9q> and hyphenation patterns for 81 language(s) loaded.
(./sig-alternate-05-2015.cls
(/usr/share/texlive/texmf-dist/tex/latex/graphics/epsfig.sty
Package: epsfig 1999/02/16 v1.7a (e)psfig emulation (SPQR)

(/usr/share/texlive/texmf-dist/tex/latex/graphics/graphicx.sty
Package: graphicx 2014/10/28 v1.0g Enhanced LaTeX Graphics (DPC,SPQR)

(/usr/share/texlive/texmf-dist/tex/latex/graphics/keyval.sty
Package: keyval 2014/10/28 v1.15 key=value parser (DPC)
\KV@toks@=\toks14
)
(/usr/share/texlive/texmf-dist/tex/latex/graphics/graphics.sty
Package: graphics 2016/01/03 v1.0q Standard LaTeX Graphics (DPC,SPQR)

(/usr/share/texlive/texmf-dist/tex/latex/graphics/trig.sty
Package: trig 2016/01/03 v1.10 sin cos tan (DPC)
)
(/usr/share/texlive/texmf-dist/tex/latex/latexconfig/graphics.cfg
File: graphics.cfg 2010/04/23 v1.9 graphics configuration of TeX Live
)
Package graphics Info: Driver file: pdftex.def on input line 95.

(/usr/share/texlive/texmf-dist/tex/latex/pdftex-def/pdftex.def
File: pdftex.def 2011/05/27 v0.06d Graphics/color for pdfTeX

(/usr/share/texlive/texmf-dist/tex/generic/oberdiek/infwarerr.sty
Package: infwarerr 2010/04/08 v1.3 Providing info/warning/error messages (HO)
)
(/usr/share/texlive/texmf-dist/tex/generic/oberdiek/ltxcmds.sty
Package: ltxcmds 2011/11/09 v1.22 LaTeX kernel commands for general use (HO)
)
\Gread@gobject=\count79
))
\Gin@req@height=\dimen102
\Gin@req@width=\dimen103
)
\epsfxsize=\dimen104
\epsfysize=\dimen105
)
(/usr/share/texlive/texmf-dist/tex/latex/amsfonts/amssymb.sty
Package: amssymb 2013/01/14 v3.01 AMS font symbols

(/usr/share/texlive/texmf-dist/tex/latex/amsfonts/amsfonts.sty
Package: amsfonts 2013/01/14 v3.01 Basic AMSFonts support
\@emptytoks=\toks15
\symAMSa=\mathgroup4
\symAMSb=\mathgroup5
LaTeX Font Info:    Overwriting math alphabet `\mathfrak' in version `bold'
(Font)                  U/euf/m/n --> U/euf/b/n on input line 106.
))
(/usr/share/texlive/texmf-dist/tex/latex/amsmath/amsmath.sty
Package: amsmath 2016/03/03 v2.15a AMS math features
\@mathmargin=\skip41

For additional information on amsmath, use the `?' option.
(/usr/share/texlive/texmf-dist/tex/latex/amsmath/amstext.sty
Package: amstext 2000/06/29 v2.01 AMS text

(/usr/share/texlive/texmf-dist/tex/latex/amsmath/amsgen.sty
File: amsgen.sty 1999/11/30 v2.0 generic functions
\@emptytoks=\toks16
\ex@=\dimen106
))
(/usr/share/texlive/texmf-dist/tex/latex/amsmath/amsbsy.sty
Package: amsbsy 1999/11/29 v1.2d Bold Symbols
\pmbraise@=\dimen107
)
(/usr/share/texlive/texmf-dist/tex/latex/amsmath/amsopn.sty
Package: amsopn 1999/12/14 v2.01 operator names
)
\inf@bad=\count80
LaTeX Info: Redefining \frac on input line 199.
\uproot@=\count81
\leftroot@=\count82
LaTeX Info: Redefining \overline on input line 297.
\classnum@=\count83
\DOTSCASE@=\count84
LaTeX Info: Redefining \ldots on input line 394.
LaTeX Info: Redefining \dots on input line 397.
LaTeX Info: Redefining \cdots on input line 518.
\Mathstrutbox@=\box26
\strutbox@=\box27
\big@size=\dimen108
LaTeX Font Info:    Redeclaring font encoding OML on input line 630.
LaTeX Font Info:    Redeclaring font encoding OMS on input line 631.
\macc@depth=\count85
\c@MaxMatrixCols=\count86
\dotsspace@=\muskip10
\c@parentequation=\count87
\dspbrk@lvl=\count88
\tag@help=\toks17
\row@=\count89
\column@=\count90
\maxfields@=\count91
\andhelp@=\toks18
\eqnshift@=\dimen109
\alignsep@=\dimen110
\tagshift@=\dimen111
\tagwidth@=\dimen112
\totwidth@=\dimen113
\lineht@=\dimen114
\@envbody=\toks19
\multlinegap=\skip42
\multlinetaggap=\skip43
\mathdisplay@stack=\toks20
LaTeX Info: Redefining \[ on input line 2735.
LaTeX Info: Redefining \] on input line 2736.
)
Document Class 'sig-alternate' <9th June '13>. Modified by G.K.M. Tobin/Gerry M
urray/Boris Veytsman
Based in part upon document Style `acmconf' <22 May 89>. Hacked 4/91 by
shivers@cs.cmu.edu, 4/93 by theobald@cs.mcgill.ca
Excerpts were taken from (Journal Style) 'esub2acm.cls'.
****** Bugs/comments/suggestions/technicalities to Gerry Murray -- murray@hq.ac
m.org ******
Questions on the style, SIGS policies, etc. to Adrienne Griscti griscti@acm.org

\ACM@basesize=\count92
(./comment.sty
\CommentStream=\write3
 Excluding comment 'comment') Excluding comment 'CCSXML'
\footheight=\dimen115
\@maxsep=\dimen116
\@dblmaxsep=\dimen117

(/usr/share/texlive/texmf-dist/tex/generic/oberdiek/ifpdf.sty
Package: ifpdf 2011/01/30 v2.3 Provides the ifpdf switch (HO)
Package ifpdf Info: pdfTeX in PDF mode is detected.
)
\aucount=\count93
\originalaucount=\count94
\auwidth=\dimen118
\auskip=\dimen119
\auskipcount=\count95
\auskip=\dimen120
\allauboxes=\dimen121
\addauthors=\toks21
\addauflag=\count96
\subtitletext=\toks22
\savesection=\count97
\sectioncntr=\count98
\c@figure=\count99
\c@table=\count100
\titleboxnotes=\toks23
\titleboxnoteflag=\count101


LaTeX Warning: You have requested document class `sig-alternate-05-2015',
               but the document class provides `sig-alternate'.

Document Class: sig-alternate 2013/05/12 v2.7 based on acmproc.cls V1.3 <Nov. 3
0 '99>
(/usr/share/texlive/texmf-dist/tex/latex/base/latexsym.sty
Package: latexsym 1998/08/17 v2.2e Standard LaTeX package (lasy symbols)
\symlasy=\mathgroup6
LaTeX Font Info:    Overwriting symbol font `lasy' in version `bold'
(Font)                  U/lasy/m/n --> U/lasy/b/n on input line 52.
)
\@acmtitlebox=\box28
\titlenotecount=\count102
\tntoks=\toks24
\tntokstwo=\toks25
\tntoksthree=\toks26
\tntoksfour=\toks27
\tntoksfive=\toks28
\catcount=\count103
\copyrightnotice=\toks29
\conf=\toks30
\confinfo=\toks31
\c@part=\count104
\c@section=\count105
\c@subsection=\count106
\c@subsubsection=\count107
\c@paragraph=\count108

Using 'Abbrev' bibliography style
LaTeX Info: Redefining \cite on input line 1408.
\bibindent=\dimen122
\colcntr=\count109
\saveb@x=\box29
\copyrtyr=\toks32
\acmcopyr=\toks33
\boilerplate=\toks34
(/usr/share/texlive/texmf-dist/tex/latex/url/url.sty
\Urlmuskip=\muskip11
Package: url 2013/09/16  ver 3.4  Verb mode for urls, etc.
) (./acmcopyright.sty
Package: acmcopyright 2014/06/29 v1.2 Copyright statemens for ACM classes

(/usr/share/texlive/texmf-dist/tex/latex/xkeyval/xkeyval.sty
Package: xkeyval 2014/12/03 v2.7a package option processing (HA)

(/usr/share/texlive/texmf-dist/tex/generic/xkeyval/xkeyval.tex
(/usr/share/texlive/texmf-dist/tex/generic/xkeyval/xkvutils.tex
\XKV@toks=\toks35
\XKV@tempa@toks=\toks36
)
\XKV@depth=\count110
File: xkeyval.tex 2014/12/03 v2.7a key=value parser (HA)
)))
\copyrightetc=\toks37

(/usr/share/texlive/texmf-dist/tex/latex/base/fontenc.sty
Package: fontenc 2005/09/27 v1.99g Standard LaTeX package

(/usr/share/texlive/texmf-dist/tex/latex/base/t1enc.def
File: t1enc.def 2005/09/27 v1.99g Standard LaTeX file
LaTeX Font Info:    Redeclaring font encoding T1 on input line 48.
)
LaTeX Font Info:    Try loading font information for T1+aer on input line 105.

(/usr/share/texlive/texmf-dist/tex/latex/ae/t1aer.fd
File: t1aer.fd 1997/11/16 Font definitions for T1/aer.
))) (./Group_09_report.aux

LaTeX Warning: Label `fig:bids' multiply defined.


LaTeX Warning: Label `fig:wins' multiply defined.


LaTeX Warning: Label `fig:clicks' multiply defined.


LaTeX Warning: Label `fig:CPM' multiply defined.


LaTeX Warning: Label `fig:bids' multiply defined.


LaTeX Warning: Label `fig:bids' multiply defined.


LaTeX Warning: Label `fig:bids' multiply defined.


LaTeX Warning: Label `fig:bids' multiply defined.


LaTeX Warning: Label `fig:bids' multiply defined.


LaTeX Warning: Label `fig:bids' multiply defined.

)
\openout1 = `Group_09_report.aux'.

LaTeX Font Info:    Checking defaults for OML/cmm/m/it on input line 5.
LaTeX Font Info:    ... okay on input line 5.
LaTeX Font Info:    Checking defaults for T1/cmr/m/n on input line 5.
LaTeX Font Info:    ... okay on input line 5.
LaTeX Font Info:    Checking defaults for OT1/cmr/m/n on input line 5.
LaTeX Font Info:    ... okay on input line 5.
LaTeX Font Info:    Checking defaults for OMS/cmsy/m/n on input line 5.
LaTeX Font Info:    ... okay on input line 5.
LaTeX Font Info:    Checking defaults for OMX/cmex/m/n on input line 5.
LaTeX Font Info:    ... okay on input line 5.
LaTeX Font Info:    Checking defaults for U/cmr/m/n on input line 5.
LaTeX Font Info:    ... okay on input line 5.
 (/usr/share/texlive/texmf-dist/tex/context/base/supp-pdf.mkii
[Loading MPS to PDF converter (version 2006.09.02).]
\scratchcounter=\count111
\scratchdimen=\dimen123
\scratchbox=\box30
\nofMPsegments=\count112
\nofMParguments=\count113
\everyMPshowfont=\toks38
\MPscratchCnt=\count114
\MPscratchDim=\dimen124
\MPnumerator=\count115
\makeMPintoPDFobject=\count116
\everyMPtoPDFconversion=\toks39
) (/usr/share/texlive/texmf-dist/tex/generic/oberdiek/pdftexcmds.sty
Package: pdftexcmds 2011/11/29 v0.20 Utility functions of pdfTeX for LuaTeX (HO
)

(/usr/share/texlive/texmf-dist/tex/generic/oberdiek/ifluatex.sty
Package: ifluatex 2010/03/01 v1.3 Provides the ifluatex switch (HO)
Package ifluatex Info: LuaTeX not detected.
)
Package pdftexcmds Info: LuaTeX not detected.
Package pdftexcmds Info: \pdf@primitive is available.
Package pdftexcmds Info: \pdf@ifprimitive is available.
Package pdftexcmds Info: \pdfdraftmode found.
)
(/usr/share/texlive/texmf-dist/tex/latex/oberdiek/epstopdf-base.sty
Package: epstopdf-base 2010/02/09 v2.5 Base part for package epstopdf

(/usr/share/texlive/texmf-dist/tex/latex/oberdiek/grfext.sty
Package: grfext 2010/08/19 v1.1 Manage graphics extensions (HO)

(/usr/share/texlive/texmf-dist/tex/generic/oberdiek/kvdefinekeys.sty
Package: kvdefinekeys 2011/04/07 v1.3 Define keys (HO)
))
(/usr/share/texlive/texmf-dist/tex/latex/oberdiek/kvoptions.sty
Package: kvoptions 2011/06/30 v3.11 Key value format for package options (HO)

(/usr/share/texlive/texmf-dist/tex/generic/oberdiek/kvsetkeys.sty
Package: kvsetkeys 2012/04/25 v1.16 Key value parser (HO)

(/usr/share/texlive/texmf-dist/tex/generic/oberdiek/etexcmds.sty
Package: etexcmds 2011/02/16 v1.5 Avoid name clashes with e-TeX commands (HO)
Package etexcmds Info: Could not find \expanded.
(etexcmds)             That can mean that you are not using pdfTeX 1.50 or
(etexcmds)             that some package has redefined \expanded.
(etexcmds)             In the latter case, load this package earlier.
)))
Package grfext Info: Graphics extension search list:
(grfext)             [.png,.pdf,.jpg,.mps,.jpeg,.jbig2,.jb2,.PNG,.PDF,.JPG,.JPE
G,.JBIG2,.JB2,.eps]
(grfext)             \AppendGraphicsExtensions on input line 452.

(/usr/share/texlive/texmf-dist/tex/latex/latexconfig/epstopdf-sys.cfg
File: epstopdf-sys.cfg 2010/07/13 v1.3 Configuration of (r)epstopdf for TeX Liv
e
))
LaTeX Font Info:    Try loading font information for U+msa on input line 28.

(/usr/share/texlive/texmf-dist/tex/latex/amsfonts/umsa.fd
File: umsa.fd 2013/01/14 v3.01 AMS symbols A
)
LaTeX Font Info:    Try loading font information for U+msb on input line 28.

(/usr/share/texlive/texmf-dist/tex/latex/amsfonts/umsb.fd
File: umsb.fd 2013/01/14 v3.01 AMS symbols B
)
LaTeX Font Info:    Try loading font information for U+lasy on input line 28.

(/usr/share/texlive/texmf-dist/tex/latex/base/ulasy.fd
File: ulasy.fd 1998/08/17 v2.2e LaTeX symbol font definitions
)
Overfull \hbox (9.88249pt too wide) in paragraph at lines 28--28
 []\eaddfnt devin.kuokka.16@ucl.ac.uk| 
 []


Underfull \vbox (badness 10000) has occurred while \output is active []

 [1{/var/lib/texmf/fonts/map/pdftex/updmap/pdftex.map}


]
<Bids.png, id=11, 1191.45125pt x 717.68124pt>
File: Bids.png Graphic file (type png)
 <use Bids.png>
Package pdftex.def Info: Bids.png used on input line 60.
(pdftex.def)             Requested size: 240.0pt x 144.56308pt.

<wins.png, id=13, 1188.44pt x 711.65875pt>
File: wins.png Graphic file (type png)
 <use wins.png>
Package pdftex.def Info: wins.png used on input line 66.
(pdftex.def)             Requested size: 240.0pt x 143.70831pt.

<click.png, id=14, 1188.44pt x 713.66624pt>
File: click.png Graphic file (type png)
 <use click.png>
Package pdftex.def Info: click.png used on input line 72.
(pdftex.def)             Requested size: 240.0pt x 144.1137pt.

Overfull \hbox (7.18185pt too wide) in paragraph at lines 71--73
[]\T1/aer/m/n/9 h [] 
 []

<CPM.png, id=15, 1196.47pt x 711.65875pt>
File: CPM.png Graphic file (type png)
 <use CPM.png>
Package pdftex.def Info: CPM.png used on input line 78.
(pdftex.def)             Requested size: 240.0pt x 142.75273pt.

Overfull \hbox (7.18185pt too wide) in paragraph at lines 77--79
[]\T1/aer/m/n/9 h [] 
 []


Overfull \hbox (4.44417pt too wide) in paragraph at lines 86--87
\T1/aer/m/n/9 plot-ted that range of prob-a-ble val-ues around the mean against

 []

[2 <./Bids.png> <./wins.png> <./click.png> <./CPM.png>]
Overfull \hbox (1.30345pt too wide) in paragraph at lines 88--89
[]\T1/aer/m/n/9 Figures 1 and 2 show the con-stant bid value plot-ted against
 []

<random_bids.png, id=27, 1196.47pt x 712.6625pt>
File: random_bids.png Graphic file (type png)
 <use random_bids.png>
Package pdftex.def Info: random_bids.png used on input line 99.
(pdftex.def)             Requested size: 240.0pt x 142.95407pt.

<random_wins.png, id=28, 1191.45125pt x 715.67375pt>
File: random_wins.png Graphic file (type png)
 <use random_wins.png>
Package pdftex.def Info: random_wins.png used on input line 105.
(pdftex.def)             Requested size: 240.0pt x 144.15872pt.

<random_clicks.png, id=29, 1190.4475pt x 717.68124pt>
File: random_clicks.png Graphic file (type png)
 <use random_clicks.png>
Package pdftex.def Info: random_clicks.png used on input line 111.
(pdftex.def)             Requested size: 240.0pt x 144.68355pt.

<random_CPM.png, id=30, 1195.46625pt x 710.655pt>
File: random_CPM.png Graphic file (type png)
 <use random_CPM.png>
Package pdftex.def Info: random_CPM.png used on input line 117.
(pdftex.def)             Requested size: 240.0pt x 142.67065pt.
 [3 <./random_bids.png> <./random_wins.png> <./random_clicks.png> <./random_CPM
.png>]
Underfull \vbox (badness 1565) has occurred while \output is active []


Underfull \vbox (badness 1668) has occurred while \output is active []

 [4]
Overfull \hbox (3.17345pt too wide) in paragraph at lines 152--153
[]\T1/aer/m/n/9 After learn-ing is com-pleted, the val-i-da-tion dataset is loa
ded
 []


Overfull \hbox (4.51428pt too wide) in paragraph at lines 152--153
\T1/aer/m/n/9 and some data ma-nip-u-la-tion is per-formed, as de-scribed above
.
 []

<linear_bids.png, id=44, 1193.45876pt x 710.655pt>
File: linear_bids.png Graphic file (type png)
 <use linear_bids.png>
Package pdftex.def Info: linear_bids.png used on input line 155.
(pdftex.def)             Requested size: 240.0pt x 142.90923pt.

<linear_wins.png, id=45, 1190.4475pt x 709.65125pt>
File: linear_wins.png Graphic file (type png)
 <use linear_wins.png>
Package pdftex.def Info: linear_wins.png used on input line 161.
(pdftex.def)             Requested size: 240.0pt x 143.06471pt.

<linear_clicks.png, id=46, 1191.45125pt x 711.65875pt>
File: linear_clicks.png Graphic file (type png)
 <use linear_clicks.png>
Package pdftex.def Info: linear_clicks.png used on input line 167.
(pdftex.def)             Requested size: 240.0pt x 143.34998pt.

<linear_CTR.png, id=47, 1188.44pt x 708.6475pt>
File: linear_CTR.png Graphic file (type png)
 <use linear_CTR.png>
Package pdftex.def Info: linear_CTR.png used on input line 173.
(pdftex.def)             Requested size: 240.0pt x 143.10025pt.

<linear_CPM.png, id=48, 1188.44pt x 713.66624pt>
File: linear_CPM.png Graphic file (type png)
 <use linear_CPM.png>
Package pdftex.def Info: linear_CPM.png used on input line 179.
(pdftex.def)             Requested size: 240.0pt x 144.1137pt.

<linear_CPC.png, id=49, 1187.43625pt x 710.655pt>
File: linear_CPC.png Graphic file (type png)
 <use linear_CPC.png>
Package pdftex.def Info: linear_CPC.png used on input line 185.
(pdftex.def)             Requested size: 240.0pt x 143.63576pt.

Overfull \hbox (10.6456pt too wide) in paragraph at lines 192--193
\T1/aer/m/n/9 sion with av-er-age CTR, i.e. for which the ra-tio $\OML/cmm/m/it
/9 pCTR=avgCTR$
 []

[5 <./linear_bids.png> <./linear_wins.png> <./linear_clicks.png> <./linear_CTR.
png> <./linear_CPM.png>]
Overfull \hbox (5.35112pt too wide) in paragraph at lines 198--199
\T1/aer/m/n/9 click-through rate per-cent-ages re-spec-tively, for the same ran
ge
 []


Underfull \vbox (badness 1616) has occurred while \output is active []

 [6 <./linear_CPC.png>] (./Group_09_report.aux)

LaTeX Warning: There were multiply-defined labels.

 ) 
Here is how much of TeX's memory you used:
<<<<<<< HEAD
 3202 strings out of 494447
 41885 string characters out of 6166767
 112024 words of memory out of 5000000
 6437 multiletter control sequences out of 15000+600000
=======
 3172 strings out of 493029
 40408 string characters out of 6136234
 115716 words of memory out of 5000000
 6615 multiletter control sequences out of 15000+600000
>>>>>>> 0425af7cc6fd258f06d5645dbe3f909353a4c216
 50604 words of font info for 68 fonts, out of 8000000 for 9000
 1141 hyphenation exceptions out of 8191
 41i,10n,35p,1129b,274s stack positions out of 5000i,500n,10000p,200000b,80000s
<<<<<<< HEAD
{/usr/local/texlive/2016basic/texmf-dist/fonts/enc/dvips/base/8r.enc}</usr/lo
cal/texlive/2016basic/texmf-dist/fonts/type1/public/amsfonts/cm/cmbx9.pfb></usr
/local/texlive/2016basic/texmf-dist/fonts/type1/public/amsfonts/cmextra/cmex9.p
fb></usr/local/texlive/2016basic/texmf-dist/fonts/type1/public/amsfonts/cm/cmmi
6.pfb></usr/local/texlive/2016basic/texmf-dist/fonts/type1/public/amsfonts/cm/c
mmi9.pfb></usr/local/texlive/2016basic/texmf-dist/fonts/type1/public/amsfonts/c
m/cmr6.pfb></usr/local/texlive/2016basic/texmf-dist/fonts/type1/public/amsfonts
/cm/cmr9.pfb></usr/local/texlive/2016basic/texmf-dist/fonts/type1/public/amsfon
ts/cm/cmsy6.pfb></usr/local/texlive/2016basic/texmf-dist/fonts/type1/public/ams
fonts/cm/cmsy9.pfb></usr/local/texlive/2016basic/texmf-dist/fonts/type1/public/
amsfonts/cm/cmti9.pfb></usr/local/texlive/2016basic/texmf-dist/fonts/type1/urw/
helvetic/uhvb8a.pfb></usr/local/texlive/2016basic/texmf-dist/fonts/type1/urw/he
lvetic/uhvr8a.pfb></usr/local/texlive/2016basic/texmf-dist/fonts/type1/urw/time
s/utmb8a.pfb></usr/local/texlive/2016basic/texmf-dist/fonts/type1/urw/times/utm
ri8a.pfb>
Output written on Group_09_report.pdf (6 pages, 406662 bytes).
=======
{/usr/share/texlive/texmf-dist/fonts/enc/dvips/base/8r.enc}</usr/share/texliv
e/texmf-dist/fonts/type1/public/amsfonts/cm/cmbx9.pfb></usr/share/texlive/texmf
-dist/fonts/type1/public/amsfonts/cmextra/cmex9.pfb></usr/share/texlive/texmf-d
ist/fonts/type1/public/amsfonts/cm/cmmi6.pfb></usr/share/texlive/texmf-dist/fon
ts/type1/public/amsfonts/cm/cmmi9.pfb></usr/share/texlive/texmf-dist/fonts/type
1/public/amsfonts/cm/cmr6.pfb></usr/share/texlive/texmf-dist/fonts/type1/public
/amsfonts/cm/cmr9.pfb></usr/share/texlive/texmf-dist/fonts/type1/public/amsfont
s/cm/cmsy6.pfb></usr/share/texlive/texmf-dist/fonts/type1/public/amsfonts/cm/cm
ti9.pfb></usr/share/texlive/texmf-dist/fonts/type1/urw/helvetic/uhvb8a.pfb></us
r/share/texlive/texmf-dist/fonts/type1/urw/helvetic/uhvr8a.pfb></usr/share/texl
ive/texmf-dist/fonts/type1/urw/times/utmb8a.pfb></usr/share/texlive/texmf-dist/
fonts/type1/urw/times/utmri8a.pfb>
Output written on Group_09_report.pdf (5 pages, 306275 bytes).
>>>>>>> 0425af7cc6fd258f06d5645dbe3f909353a4c216
PDF statistics:
 105 PDF objects out of 1000 (max. 8388607)
 55 compressed objects within 1 object stream
 0 named destinations out of 1000 (max. 500000)
 71 words of extra memory for PDF output out of 10000 (max. 10000000)

